#
# There is insufficient memory for the Java Runtime Environment to continue.
# Native memory allocation (malloc) failed to allocate 744096 bytes for Chunk::new
# Possible reasons:
#   The system is out of physical RAM or swap space
#   The process is running with CompressedOops enabled, and the Java Heap may be blocking the growth of the native heap
# Possible solutions:
#   Reduce memory load on the system
#   Increase physical memory or swap space
#   Check if swap backing store is full
#   Decrease Java heap size (-Xmx/-Xms)
#   Decrease number of Java threads
#   Decrease Java thread stack sizes (-Xss)
#   Set larger code cache with -XX:ReservedCodeCacheSize=
#   JVM is running with Unscaled Compressed Oops mode in which the Java heap is
#     placed in the first 4GB address space. The Java Heap base address is the
#     maximum limit for the native heap growth. Please use -XX:HeapBaseMinAddress
#     to set the Java Heap base and to place the Java Heap above 4GB virtual address.
# This output file may be truncated or incomplete.
#
#  Out of Memory Error (arena.cpp:189), pid=20640, tid=27944
#
# JRE version: Java(TM) SE Runtime Environment (17.0.6+9) (build 17.0.6+9-LTS-190)
# Java VM: Java HotSpot(TM) 64-Bit Server VM (17.0.6+9-LTS-190, mixed mode, sharing, tiered, compressed oops, compressed class ptrs, g1 gc, windows-amd64)
# No core dump will be written. Minidumps are not enabled by default on client versions of Windows
#

---------------  S U M M A R Y ------------

Command Line: -Dfile.encoding=UTF-8 -Dstdout.encoding=UTF-8 -Dstderr.encoding=UTF-8 -XX:+ShowCodeDetailsInExceptionMessages basicweb.FirstTestClass

Host: Intel(R) Core(TM) i5-10200H CPU @ 2.40GHz, 8 cores, 7G,  Windows 11 , 64 bit Build 22621 (10.0.22621.3235)
Time: Fri Apr  5 02:34:04 2024 India Standard Time elapsed time: 5.016789 seconds (0d 0h 0m 5s)

---------------  T H R E A D  ---------------

Current thread (0x00000203fede5e10):  JavaThread "C2 CompilerThread0" daemon [_thread_in_native, id=27944, stack(0x0000006b25c00000,0x0000006b25d00000)]


Current CompileTask:
C2:   5017 1599       4       java.lang.invoke.MethodType::makeImpl (109 bytes)

Stack: [0x0000006b25c00000,0x0000006b25d00000]
Native frames: (J=compiled Java code, j=interpreted, Vv=VM code, C=native code)
V  [jvm.dll+0x6734ea]
V  [jvm.dll+0x7d18f4]
V  [jvm.dll+0x7d309e]
V  [jvm.dll+0x7d3703]
V  [jvm.dll+0x2433c5]
V  [jvm.dll+0xaa46b]
V  [jvm.dll+0xaaa0c]
V  [jvm.dll+0x2a8b1f]
V  [jvm.dll+0x57bf85]
V  [jvm.dll+0x21e142]
V  [jvm.dll+0x2177c5]
V  [jvm.dll+0x215109]
V  [jvm.dll+0x1a1730]
V  [jvm.dll+0x224b6e]
V  [jvm.dll+0x222f15]
V  [jvm.dll+0x78753c]
V  [jvm.dll+0x781a7a]
V  [jvm.dll+0x672375]
C  [ucrtbase.dll+0x29363]
C  [KERNEL32.DLL+0x1257d]
C  [ntdll.dll+0x5aa58]


---------------  P R O C E S S  ---------------

Threads class SMR info:
_java_thread_list=0x000002039541ca10, length=26, elements={
0x00000203f5c48420, 0x00000203fedbf960, 0x00000203fedc07d0, 0x00000203fedd3220,
0x00000203fedd3dd0, 0x00000203fedd5990, 0x00000203feddb320, 0x00000203fede5e10,
0x00000203fede97f0, 0x00000203fedee160, 0x00000203ff8dab20, 0x00000203ff8daff0,
0x00000203ff8d8970, 0x00000203ff8d8e40, 0x00000203ff8d97e0, 0x00000203ff8d9310,
0x00000203ff8da650, 0x00000203ff8d9cb0, 0x00000203ff8d84a0, 0x00000203ff8da180,
0x00000203ff8db4c0, 0x00000203ff8db990, 0x00000203ff8dbe60, 0x00000203954bd6e0,
0x00000203954bc3a0, 0x00000203954ba6c0
}

Java Threads: ( => current thread )
  0x00000203f5c48420 JavaThread "Forwarding maximizeCurrentWindow on session b869f59bc97f5bd622ec8f03c7b459ba to remote" [_thread_blocked, id=23184, stack(0x0000006b24f00000,0x0000006b25000000)]
  0x00000203fedbf960 JavaThread "Reference Handler" daemon [_thread_blocked, id=26140, stack(0x0000006b25600000,0x0000006b25700000)]
  0x00000203fedc07d0 JavaThread "Finalizer" daemon [_thread_blocked, id=14592, stack(0x0000006b25700000,0x0000006b25800000)]
  0x00000203fedd3220 JavaThread "Signal Dispatcher" daemon [_thread_blocked, id=18576, stack(0x0000006b25800000,0x0000006b25900000)]
  0x00000203fedd3dd0 JavaThread "Attach Listener" daemon [_thread_blocked, id=11000, stack(0x0000006b25900000,0x0000006b25a00000)]
  0x00000203fedd5990 JavaThread "Service Thread" daemon [_thread_blocked, id=19248, stack(0x0000006b25a00000,0x0000006b25b00000)]
  0x00000203feddb320 JavaThread "Monitor Deflation Thread" daemon [_thread_blocked, id=24048, stack(0x0000006b25b00000,0x0000006b25c00000)]
=>0x00000203fede5e10 JavaThread "C2 CompilerThread0" daemon [_thread_in_native, id=27944, stack(0x0000006b25c00000,0x0000006b25d00000)]
  0x00000203fede97f0 JavaThread "C1 CompilerThread0" daemon [_thread_blocked, id=21524, stack(0x0000006b25d00000,0x0000006b25e00000)]
  0x00000203fedee160 JavaThread "Sweeper thread" daemon [_thread_blocked, id=11240, stack(0x0000006b25e00000,0x0000006b25f00000)]
  0x00000203ff8dab20 JavaThread "Notification Thread" daemon [_thread_blocked, id=16576, stack(0x0000006b25f00000,0x0000006b26000000)]
  0x00000203ff8daff0 JavaThread "Common-Cleaner" daemon [_thread_blocked, id=28808, stack(0x0000006b26100000,0x0000006b26200000)]
  0x00000203ff8d8970 JavaThread "ForkJoinPool.commonPool-worker-1" daemon [_thread_blocked, id=23252, stack(0x0000006b26200000,0x0000006b26300000)]
  0x00000203ff8d8e40 JavaThread "HttpClient-1-SelectorManager" daemon [_thread_in_native, id=29656, stack(0x0000006b26300000,0x0000006b26400000)]
  0x00000203ff8d97e0 JavaThread "External Process Output Forwarder - C:\Users\Sahil\.cache\selenium\chromedriver\win64\123.0.6312.105\chromedriver.exe" daemon [_thread_in_native, id=5136, stack(0x0000006b26400000,0x0000006b26500000)]
  0x00000203ff8d9310 JavaThread "Driver Service Executor" daemon [_thread_blocked, id=27844, stack(0x0000006b26500000,0x0000006b26600000)]
  0x00000203ff8da650 JavaThread "Driver Service Executor" daemon [_thread_in_native, id=15416, stack(0x0000006b26600000,0x0000006b26700000)]
  0x00000203ff8d9cb0 JavaThread "UrlChecker-2" daemon [_thread_blocked, id=16900, stack(0x0000006b26700000,0x0000006b26800000)]
  0x00000203ff8d84a0 JavaThread "Keep-Alive-Timer" daemon [_thread_blocked, id=5156, stack(0x0000006b26900000,0x0000006b26a00000)]
  0x00000203ff8da180 JavaThread "JdkHttpClient-0-0" daemon [_thread_blocked, id=28060, stack(0x0000006b26a00000,0x0000006b26b00000)]
  0x00000203ff8db4c0 JavaThread "JdkHttpClient-0-1" daemon [_thread_blocked, id=10196, stack(0x0000006b26b00000,0x0000006b26c00000)]
  0x00000203ff8db990 JavaThread "JdkHttpClient-0-2" daemon [_thread_blocked, id=1660, stack(0x0000006b27600000,0x0000006b27700000)]
  0x00000203ff8dbe60 JavaThread "HttpClient-2-SelectorManager" daemon [_thread_in_native, id=8044, stack(0x0000006b27700000,0x0000006b27800000)]
  0x00000203954bd6e0 JavaThread "JdkHttpClient-1-0" daemon [_thread_blocked, id=21084, stack(0x0000006b27800000,0x0000006b27900000)]
  0x00000203954bc3a0 JavaThread "JdkHttpClient-1-1" daemon [_thread_blocked, id=25244, stack(0x0000006b27900000,0x0000006b27a00000)]
  0x00000203954ba6c0 JavaThread "JdkHttpClient-1-2" daemon [_thread_blocked, id=26088, stack(0x0000006b27a00000,0x0000006b27b00000)]

Other Threads:
  0x00000203fedb9960 VMThread "VM Thread" [stack: 0x0000006b25500000,0x0000006b25600000] [id=27016]
  0x00000203f5cc4710 WatcherThread [stack: 0x0000006b26000000,0x0000006b26100000] [id=29180]
  0x00000203f5ca2ec0 GCTaskThread "GC Thread#0" [stack: 0x0000006b25000000,0x0000006b25100000] [id=5184]
  0x0000020395482760 GCTaskThread "GC Thread#1" [stack: 0x0000006b26c00000,0x0000006b26d00000] [id=29620]
  0x0000020395486a20 GCTaskThread "GC Thread#2" [stack: 0x0000006b26d00000,0x0000006b26e00000] [id=23508]
  0x0000020395514a50 GCTaskThread "GC Thread#3" [stack: 0x0000006b26e00000,0x0000006b26f00000] [id=8276]
  0x0000020395514d00 GCTaskThread "GC Thread#4" [stack: 0x0000006b26f00000,0x0000006b27000000] [id=3656]
  0x00000203954a8e40 GCTaskThread "GC Thread#5" [stack: 0x0000006b27000000,0x0000006b27100000] [id=16984]
  0x00000203954a90f0 GCTaskThread "GC Thread#6" [stack: 0x0000006b27100000,0x0000006b27200000] [id=7788]
  0x00000203954a93a0 GCTaskThread "GC Thread#7" [stack: 0x0000006b27200000,0x0000006b27300000] [id=24812]
  0x00000203f5cb3f30 ConcurrentGCThread "G1 Main Marker" [stack: 0x0000006b25100000,0x0000006b25200000] [id=14888]
  0x00000203f5cb4940 ConcurrentGCThread "G1 Conc#0" [stack: 0x0000006b25200000,0x0000006b25300000] [id=2076]
  0x00000203f5d0d4f0 ConcurrentGCThread "G1 Refine#0" [stack: 0x0000006b25300000,0x0000006b25400000] [id=22848]
  0x000002039527a150 ConcurrentGCThread "G1 Refine#1" [stack: 0x0000006b27300000,0x0000006b27400000] [id=17852]
  0x000002039527ad50 ConcurrentGCThread "G1 Refine#2" [stack: 0x0000006b27400000,0x0000006b27500000] [id=12232]
  0x00000203952e6870 ConcurrentGCThread "G1 Refine#3" [stack: 0x0000006b27500000,0x0000006b27600000] [id=6588]
  0x00000203fec724c0 ConcurrentGCThread "G1 Service" [stack: 0x0000006b25400000,0x0000006b25500000] [id=28812]

Threads with active compile tasks:
C2 CompilerThread0     5052 1599       4       java.lang.invoke.MethodType::makeImpl (109 bytes)

VM state: not at safepoint (normal execution)

VM Mutex/Monitor currently owned by a thread: None

Heap address: 0x0000000083800000, size: 1992 MB, Compressed Oops mode: 32-bit

CDS archive(s) mapped at: [0x0000000800000000-0x0000000800bd0000-0x0000000800bd0000), size 12386304, SharedBaseAddress: 0x0000000800000000, ArchiveRelocationMode: 0.
Compressed class space mapped at: 0x0000000800c00000-0x0000000840c00000, reserved size: 1073741824
Narrow klass base: 0x0000000800000000, Narrow klass shift: 0, Narrow klass range: 0x100000000

GC Precious Log:
 CPUs: 8 total, 8 available
 Memory: 7967M
 Large Page Support: Disabled
 NUMA Support: Disabled
 Compressed Oops: Enabled (32-bit)
 Heap Region Size: 1M
 Heap Min Capacity: 8M
 Heap Initial Capacity: 126M
 Heap Max Capacity: 1992M
 Pre-touch: Disabled
 Parallel Workers: 8
 Concurrent Workers: 2
 Concurrent Refinement Workers: 8
 Periodic GC: Disabled

Heap:
 garbage-first heap   total 129024K, used 12153K [0x0000000083800000, 0x0000000100000000)
  region size 1024K, 10 young (10240K), 3 survivors (3072K)
 Metaspace       used 11274K, committed 11520K, reserved 1064960K
  class space    used 1378K, committed 1472K, reserved 1048576K

Heap Regions: E=young(eden), S=young(survivor), O=old, HS=humongous(starts), HC=humongous(continues), CS=collection set, F=free, OA=open archive, CA=closed archive, TAMS=top-at-mark-start (previous, next)
|   0|0x0000000083800000, 0x0000000083900000, 0x0000000083900000|100%| O|  |TAMS 0x0000000083800000, 0x0000000083800000| Untracked 
|   1|0x0000000083900000, 0x0000000083a00000, 0x0000000083a00000|100%| O|  |TAMS 0x0000000083900000, 0x0000000083900000| Untracked 
|   2|0x0000000083a00000, 0x0000000083ade400, 0x0000000083b00000| 86%| O|  |TAMS 0x0000000083a00000, 0x0000000083a00000| Untracked 
|   3|0x0000000083b00000, 0x0000000083b00000, 0x0000000083c00000|  0%| F|  |TAMS 0x0000000083b00000, 0x0000000083b00000| Untracked 
|   4|0x0000000083c00000, 0x0000000083c00000, 0x0000000083d00000|  0%| F|  |TAMS 0x0000000083c00000, 0x0000000083c00000| Untracked 
|   5|0x0000000083d00000, 0x0000000083d00000, 0x0000000083e00000|  0%| F|  |TAMS 0x0000000083d00000, 0x0000000083d00000| Untracked 
|   6|0x0000000083e00000, 0x0000000083e00000, 0x0000000083f00000|  0%| F|  |TAMS 0x0000000083e00000, 0x0000000083e00000| Untracked 
|   7|0x0000000083f00000, 0x0000000083f00000, 0x0000000084000000|  0%| F|  |TAMS 0x0000000083f00000, 0x0000000083f00000| Untracked 
|   8|0x0000000084000000, 0x0000000084000000, 0x0000000084100000|  0%| F|  |TAMS 0x0000000084000000, 0x0000000084000000| Untracked 
|   9|0x0000000084100000, 0x0000000084100000, 0x0000000084200000|  0%| F|  |TAMS 0x0000000084100000, 0x0000000084100000| Untracked 
|  10|0x0000000084200000, 0x0000000084200000, 0x0000000084300000|  0%| F|  |TAMS 0x0000000084200000, 0x0000000084200000| Untracked 
|  11|0x0000000084300000, 0x0000000084300000, 0x0000000084400000|  0%| F|  |TAMS 0x0000000084300000, 0x0000000084300000| Untracked 
|  12|0x0000000084400000, 0x0000000084400000, 0x0000000084500000|  0%| F|  |TAMS 0x0000000084400000, 0x0000000084400000| Untracked 
|  13|0x0000000084500000, 0x0000000084500000, 0x0000000084600000|  0%| F|  |TAMS 0x0000000084500000, 0x0000000084500000| Untracked 
|  14|0x0000000084600000, 0x0000000084600000, 0x0000000084700000|  0%| F|  |TAMS 0x0000000084600000, 0x0000000084600000| Untracked 
|  15|0x0000000084700000, 0x0000000084700000, 0x0000000084800000|  0%| F|  |TAMS 0x0000000084700000, 0x0000000084700000| Untracked 
|  16|0x0000000084800000, 0x0000000084800000, 0x0000000084900000|  0%| F|  |TAMS 0x0000000084800000, 0x0000000084800000| Untracked 
|  17|0x0000000084900000, 0x0000000084900000, 0x0000000084a00000|  0%| F|  |TAMS 0x0000000084900000, 0x0000000084900000| Untracked 
|  18|0x0000000084a00000, 0x0000000084a00000, 0x0000000084b00000|  0%| F|  |TAMS 0x0000000084a00000, 0x0000000084a00000| Untracked 
|  19|0x0000000084b00000, 0x0000000084b00000, 0x0000000084c00000|  0%| F|  |TAMS 0x0000000084b00000, 0x0000000084b00000| Untracked 
|  20|0x0000000084c00000, 0x0000000084c00000, 0x0000000084d00000|  0%| F|  |TAMS 0x0000000084c00000, 0x0000000084c00000| Untracked 
|  21|0x0000000084d00000, 0x0000000084d00000, 0x0000000084e00000|  0%| F|  |TAMS 0x0000000084d00000, 0x0000000084d00000| Untracked 
|  22|0x0000000084e00000, 0x0000000084e00000, 0x0000000084f00000|  0%| F|  |TAMS 0x0000000084e00000, 0x0000000084e00000| Untracked 
|  23|0x0000000084f00000, 0x0000000084f00000, 0x0000000085000000|  0%| F|  |TAMS 0x0000000084f00000, 0x0000000084f00000| Untracked 
|  24|0x0000000085000000, 0x0000000085000000, 0x0000000085100000|  0%| F|  |TAMS 0x0000000085000000, 0x0000000085000000| Untracked 
|  25|0x0000000085100000, 0x0000000085100000, 0x0000000085200000|  0%| F|  |TAMS 0x0000000085100000, 0x0000000085100000| Untracked 
|  26|0x0000000085200000, 0x0000000085200000, 0x0000000085300000|  0%| F|  |TAMS 0x0000000085200000, 0x0000000085200000| Untracked 
|  27|0x0000000085300000, 0x0000000085300000, 0x0000000085400000|  0%| F|  |TAMS 0x0000000085300000, 0x0000000085300000| Untracked 
|  28|0x0000000085400000, 0x0000000085400000, 0x0000000085500000|  0%| F|  |TAMS 0x0000000085400000, 0x0000000085400000| Untracked 
|  29|0x0000000085500000, 0x0000000085500000, 0x0000000085600000|  0%| F|  |TAMS 0x0000000085500000, 0x0000000085500000| Untracked 
|  30|0x0000000085600000, 0x0000000085600000, 0x0000000085700000|  0%| F|  |TAMS 0x0000000085600000, 0x0000000085600000| Untracked 
|  31|0x0000000085700000, 0x0000000085700000, 0x0000000085800000|  0%| F|  |TAMS 0x0000000085700000, 0x0000000085700000| Untracked 
|  32|0x0000000085800000, 0x0000000085800000, 0x0000000085900000|  0%| F|  |TAMS 0x0000000085800000, 0x0000000085800000| Untracked 
|  33|0x0000000085900000, 0x0000000085900000, 0x0000000085a00000|  0%| F|  |TAMS 0x0000000085900000, 0x0000000085900000| Untracked 
|  34|0x0000000085a00000, 0x0000000085a00000, 0x0000000085b00000|  0%| F|  |TAMS 0x0000000085a00000, 0x0000000085a00000| Untracked 
|  35|0x0000000085b00000, 0x0000000085b00000, 0x0000000085c00000|  0%| F|  |TAMS 0x0000000085b00000, 0x0000000085b00000| Untracked 
|  36|0x0000000085c00000, 0x0000000085c00000, 0x0000000085d00000|  0%| F|  |TAMS 0x0000000085c00000, 0x0000000085c00000| Untracked 
|  37|0x0000000085d00000, 0x0000000085d00000, 0x0000000085e00000|  0%| F|  |TAMS 0x0000000085d00000, 0x0000000085d00000| Untracked 
|  38|0x0000000085e00000, 0x0000000085e00000, 0x0000000085f00000|  0%| F|  |TAMS 0x0000000085e00000, 0x0000000085e00000| Untracked 
|  39|0x0000000085f00000, 0x0000000085f00000, 0x0000000086000000|  0%| F|  |TAMS 0x0000000085f00000, 0x0000000085f00000| Untracked 
|  40|0x0000000086000000, 0x0000000086000000, 0x0000000086100000|  0%| F|  |TAMS 0x0000000086000000, 0x0000000086000000| Untracked 
|  41|0x0000000086100000, 0x0000000086100000, 0x0000000086200000|  0%| F|  |TAMS 0x0000000086100000, 0x0000000086100000| Untracked 
|  42|0x0000000086200000, 0x0000000086200000, 0x0000000086300000|  0%| F|  |TAMS 0x0000000086200000, 0x0000000086200000| Untracked 
|  43|0x0000000086300000, 0x0000000086300000, 0x0000000086400000|  0%| F|  |TAMS 0x0000000086300000, 0x0000000086300000| Untracked 
|  44|0x0000000086400000, 0x0000000086400000, 0x0000000086500000|  0%| F|  |TAMS 0x0000000086400000, 0x0000000086400000| Untracked 
|  45|0x0000000086500000, 0x0000000086500000, 0x0000000086600000|  0%| F|  |TAMS 0x0000000086500000, 0x0000000086500000| Untracked 
|  46|0x0000000086600000, 0x0000000086600000, 0x0000000086700000|  0%| F|  |TAMS 0x0000000086600000, 0x0000000086600000| Untracked 
|  47|0x0000000086700000, 0x0000000086700000, 0x0000000086800000|  0%| F|  |TAMS 0x0000000086700000, 0x0000000086700000| Untracked 
|  48|0x0000000086800000, 0x0000000086800000, 0x0000000086900000|  0%| F|  |TAMS 0x0000000086800000, 0x0000000086800000| Untracked 
|  49|0x0000000086900000, 0x0000000086900000, 0x0000000086a00000|  0%| F|  |TAMS 0x0000000086900000, 0x0000000086900000| Untracked 
|  50|0x0000000086a00000, 0x0000000086a00000, 0x0000000086b00000|  0%| F|  |TAMS 0x0000000086a00000, 0x0000000086a00000| Untracked 
|  51|0x0000000086b00000, 0x0000000086b00000, 0x0000000086c00000|  0%| F|  |TAMS 0x0000000086b00000, 0x0000000086b00000| Untracked 
|  52|0x0000000086c00000, 0x0000000086c00000, 0x0000000086d00000|  0%| F|  |TAMS 0x0000000086c00000, 0x0000000086c00000| Untracked 
|  53|0x0000000086d00000, 0x0000000086d00000, 0x0000000086e00000|  0%| F|  |TAMS 0x0000000086d00000, 0x0000000086d00000| Untracked 
|  54|0x0000000086e00000, 0x0000000086e00000, 0x0000000086f00000|  0%| F|  |TAMS 0x0000000086e00000, 0x0000000086e00000| Untracked 
|  55|0x0000000086f00000, 0x0000000086f00000, 0x0000000087000000|  0%| F|  |TAMS 0x0000000086f00000, 0x0000000086f00000| Untracked 
|  56|0x0000000087000000, 0x0000000087000000, 0x0000000087100000|  0%| F|  |TAMS 0x0000000087000000, 0x0000000087000000| Untracked 
|  57|0x0000000087100000, 0x0000000087100000, 0x0000000087200000|  0%| F|  |TAMS 0x0000000087100000, 0x0000000087100000| Untracked 
|  58|0x0000000087200000, 0x0000000087200000, 0x0000000087300000|  0%| F|  |TAMS 0x0000000087200000, 0x0000000087200000| Untracked 
|  59|0x0000000087300000, 0x0000000087300000, 0x0000000087400000|  0%| F|  |TAMS 0x0000000087300000, 0x0000000087300000| Untracked 
|  60|0x0000000087400000, 0x0000000087400000, 0x0000000087500000|  0%| F|  |TAMS 0x0000000087400000, 0x0000000087400000| Untracked 
|  61|0x0000000087500000, 0x0000000087500000, 0x0000000087600000|  0%| F|  |TAMS 0x0000000087500000, 0x0000000087500000| Untracked 
|  62|0x0000000087600000, 0x0000000087600000, 0x0000000087700000|  0%| F|  |TAMS 0x0000000087600000, 0x0000000087600000| Untracked 
|  63|0x0000000087700000, 0x0000000087700000, 0x0000000087800000|  0%| F|  |TAMS 0x0000000087700000, 0x0000000087700000| Untracked 
|  64|0x0000000087800000, 0x0000000087800000, 0x0000000087900000|  0%| F|  |TAMS 0x0000000087800000, 0x0000000087800000| Untracked 
|  65|0x0000000087900000, 0x0000000087900000, 0x0000000087a00000|  0%| F|  |TAMS 0x0000000087900000, 0x0000000087900000| Untracked 
|  66|0x0000000087a00000, 0x0000000087a00000, 0x0000000087b00000|  0%| F|  |TAMS 0x0000000087a00000, 0x0000000087a00000| Untracked 
|  67|0x0000000087b00000, 0x0000000087b00000, 0x0000000087c00000|  0%| F|  |TAMS 0x0000000087b00000, 0x0000000087b00000| Untracked 
|  68|0x0000000087c00000, 0x0000000087c00000, 0x0000000087d00000|  0%| F|  |TAMS 0x0000000087c00000, 0x0000000087c00000| Untracked 
|  69|0x0000000087d00000, 0x0000000087d00000, 0x0000000087e00000|  0%| F|  |TAMS 0x0000000087d00000, 0x0000000087d00000| Untracked 
|  70|0x0000000087e00000, 0x0000000087e00000, 0x0000000087f00000|  0%| F|  |TAMS 0x0000000087e00000, 0x0000000087e00000| Untracked 
|  71|0x0000000087f00000, 0x0000000087f00000, 0x0000000088000000|  0%| F|  |TAMS 0x0000000087f00000, 0x0000000087f00000| Untracked 
|  72|0x0000000088000000, 0x0000000088000000, 0x0000000088100000|  0%| F|  |TAMS 0x0000000088000000, 0x0000000088000000| Untracked 
|  73|0x0000000088100000, 0x0000000088100000, 0x0000000088200000|  0%| F|  |TAMS 0x0000000088100000, 0x0000000088100000| Untracked 
|  74|0x0000000088200000, 0x0000000088200000, 0x0000000088300000|  0%| F|  |TAMS 0x0000000088200000, 0x0000000088200000| Untracked 
|  75|0x0000000088300000, 0x0000000088300000, 0x0000000088400000|  0%| F|  |TAMS 0x0000000088300000, 0x0000000088300000| Untracked 
|  76|0x0000000088400000, 0x0000000088400000, 0x0000000088500000|  0%| F|  |TAMS 0x0000000088400000, 0x0000000088400000| Untracked 
|  77|0x0000000088500000, 0x0000000088500000, 0x0000000088600000|  0%| F|  |TAMS 0x0000000088500000, 0x0000000088500000| Untracked 
|  78|0x0000000088600000, 0x0000000088600000, 0x0000000088700000|  0%| F|  |TAMS 0x0000000088600000, 0x0000000088600000| Untracked 
|  79|0x0000000088700000, 0x0000000088700000, 0x0000000088800000|  0%| F|  |TAMS 0x0000000088700000, 0x0000000088700000| Untracked 
|  80|0x0000000088800000, 0x0000000088800000, 0x0000000088900000|  0%| F|  |TAMS 0x0000000088800000, 0x0000000088800000| Untracked 
|  81|0x0000000088900000, 0x0000000088900000, 0x0000000088a00000|  0%| F|  |TAMS 0x0000000088900000, 0x0000000088900000| Untracked 
|  82|0x0000000088a00000, 0x0000000088a00000, 0x0000000088b00000|  0%| F|  |TAMS 0x0000000088a00000, 0x0000000088a00000| Untracked 
|  83|0x0000000088b00000, 0x0000000088b00000, 0x0000000088c00000|  0%| F|  |TAMS 0x0000000088b00000, 0x0000000088b00000| Untracked 
|  84|0x0000000088c00000, 0x0000000088c00000, 0x0000000088d00000|  0%| F|  |TAMS 0x0000000088c00000, 0x0000000088c00000| Untracked 
|  85|0x0000000088d00000, 0x0000000088d00000, 0x0000000088e00000|  0%| F|  |TAMS 0x0000000088d00000, 0x0000000088d00000| Untracked 
|  86|0x0000000088e00000, 0x0000000088e00000, 0x0000000088f00000|  0%| F|  |TAMS 0x0000000088e00000, 0x0000000088e00000| Untracked 
|  87|0x0000000088f00000, 0x0000000088f00000, 0x0000000089000000|  0%| F|  |TAMS 0x0000000088f00000, 0x0000000088f00000| Untracked 
|  88|0x0000000089000000, 0x0000000089000000, 0x0000000089100000|  0%| F|  |TAMS 0x0000000089000000, 0x0000000089000000| Untracked 
|  89|0x0000000089100000, 0x0000000089100000, 0x0000000089200000|  0%| F|  |TAMS 0x0000000089100000, 0x0000000089100000| Untracked 
|  90|0x0000000089200000, 0x0000000089200000, 0x0000000089300000|  0%| F|  |TAMS 0x0000000089200000, 0x0000000089200000| Untracked 
|  91|0x0000000089300000, 0x0000000089300000, 0x0000000089400000|  0%| F|  |TAMS 0x0000000089300000, 0x0000000089300000| Untracked 
|  92|0x0000000089400000, 0x0000000089400000, 0x0000000089500000|  0%| F|  |TAMS 0x0000000089400000, 0x0000000089400000| Untracked 
|  93|0x0000000089500000, 0x0000000089500000, 0x0000000089600000|  0%| F|  |TAMS 0x0000000089500000, 0x0000000089500000| Untracked 
|  94|0x0000000089600000, 0x0000000089600000, 0x0000000089700000|  0%| F|  |TAMS 0x0000000089600000, 0x0000000089600000| Untracked 
|  95|0x0000000089700000, 0x0000000089700000, 0x0000000089800000|  0%| F|  |TAMS 0x0000000089700000, 0x0000000089700000| Untracked 
|  96|0x0000000089800000, 0x0000000089800000, 0x0000000089900000|  0%| F|  |TAMS 0x0000000089800000, 0x0000000089800000| Untracked 
|  97|0x0000000089900000, 0x0000000089900000, 0x0000000089a00000|  0%| F|  |TAMS 0x0000000089900000, 0x0000000089900000| Untracked 
|  98|0x0000000089a00000, 0x0000000089a00000, 0x0000000089b00000|  0%| F|  |TAMS 0x0000000089a00000, 0x0000000089a00000| Untracked 
|  99|0x0000000089b00000, 0x0000000089b00000, 0x0000000089c00000|  0%| F|  |TAMS 0x0000000089b00000, 0x0000000089b00000| Untracked 
| 100|0x0000000089c00000, 0x0000000089d00000, 0x0000000089d00000|100%| S|CS|TAMS 0x0000000089c00000, 0x0000000089c00000| Complete 
| 101|0x0000000089d00000, 0x0000000089e00000, 0x0000000089e00000|100%| S|CS|TAMS 0x0000000089d00000, 0x0000000089d00000| Complete 
| 102|0x0000000089e00000, 0x0000000089f00000, 0x0000000089f00000|100%| S|CS|TAMS 0x0000000089e00000, 0x0000000089e00000| Complete 
| 103|0x0000000089f00000, 0x0000000089f00000, 0x000000008a000000|  0%| F|  |TAMS 0x0000000089f00000, 0x0000000089f00000| Untracked 
| 104|0x000000008a000000, 0x000000008a000000, 0x000000008a100000|  0%| F|  |TAMS 0x000000008a000000, 0x000000008a000000| Untracked 
| 105|0x000000008a100000, 0x000000008a100000, 0x000000008a200000|  0%| F|  |TAMS 0x000000008a100000, 0x000000008a100000| Untracked 
| 106|0x000000008a200000, 0x000000008a200000, 0x000000008a300000|  0%| F|  |TAMS 0x000000008a200000, 0x000000008a200000| Untracked 
| 107|0x000000008a300000, 0x000000008a300000, 0x000000008a400000|  0%| F|  |TAMS 0x000000008a300000, 0x000000008a300000| Untracked 
| 108|0x000000008a400000, 0x000000008a400000, 0x000000008a500000|  0%| F|  |TAMS 0x000000008a400000, 0x000000008a400000| Untracked 
| 109|0x000000008a500000, 0x000000008a500000, 0x000000008a600000|  0%| F|  |TAMS 0x000000008a500000, 0x000000008a500000| Untracked 
| 110|0x000000008a600000, 0x000000008a600000, 0x000000008a700000|  0%| F|  |TAMS 0x000000008a600000, 0x000000008a600000| Untracked 
| 111|0x000000008a700000, 0x000000008a700000, 0x000000008a800000|  0%| F|  |TAMS 0x000000008a700000, 0x000000008a700000| Untracked 
| 112|0x000000008a800000, 0x000000008a800000, 0x000000008a900000|  0%| F|  |TAMS 0x000000008a800000, 0x000000008a800000| Untracked 
| 113|0x000000008a900000, 0x000000008a900000, 0x000000008aa00000|  0%| F|  |TAMS 0x000000008a900000, 0x000000008a900000| Untracked 
| 114|0x000000008aa00000, 0x000000008aa00000, 0x000000008ab00000|  0%| F|  |TAMS 0x000000008aa00000, 0x000000008aa00000| Untracked 
| 115|0x000000008ab00000, 0x000000008ab00000, 0x000000008ac00000|  0%| F|  |TAMS 0x000000008ab00000, 0x000000008ab00000| Untracked 
| 116|0x000000008ac00000, 0x000000008ac00000, 0x000000008ad00000|  0%| F|  |TAMS 0x000000008ac00000, 0x000000008ac00000| Untracked 
| 117|0x000000008ad00000, 0x000000008ad00000, 0x000000008ae00000|  0%| F|  |TAMS 0x000000008ad00000, 0x000000008ad00000| Untracked 
| 118|0x000000008ae00000, 0x000000008ae00000, 0x000000008af00000|  0%| F|  |TAMS 0x000000008ae00000, 0x000000008ae00000| Untracked 
| 119|0x000000008af00000, 0x000000008af7e270, 0x000000008b000000| 49%| E|  |TAMS 0x000000008af00000, 0x000000008af00000| Complete 
| 120|0x000000008b000000, 0x000000008b100000, 0x000000008b100000|100%| E|CS|TAMS 0x000000008b000000, 0x000000008b000000| Complete 
| 121|0x000000008b100000, 0x000000008b200000, 0x000000008b200000|100%| E|CS|TAMS 0x000000008b100000, 0x000000008b100000| Complete 
| 122|0x000000008b200000, 0x000000008b300000, 0x000000008b300000|100%| E|CS|TAMS 0x000000008b200000, 0x000000008b200000| Complete 
| 123|0x000000008b300000, 0x000000008b400000, 0x000000008b400000|100%| E|CS|TAMS 0x000000008b300000, 0x000000008b300000| Complete 
| 124|0x000000008b400000, 0x000000008b500000, 0x000000008b500000|100%| E|CS|TAMS 0x000000008b400000, 0x000000008b400000| Complete 
| 125|0x000000008b500000, 0x000000008b600000, 0x000000008b600000|100%| E|CS|TAMS 0x000000008b500000, 0x000000008b500000| Complete 

Card table byte_map: [0x00000203fdbe0000,0x00000203fdfd0000] _byte_map_base: 0x00000203fd7c4000

Marking Bits (Prev, Next): (CMBitMap*) 0x00000203f5ca34d0, (CMBitMap*) 0x00000203f5ca3510
 Prev Bits: [0x000002038f000000, 0x0000020390f20000)
 Next Bits: [0x0000020390f20000, 0x0000020392e40000)

Polling page: 0x00000203f3bc0000

Metaspace:

Usage:
  Non-class:      9.66 MB used.
      Class:      1.35 MB used.
       Both:     11.01 MB used.

Virtual space:
  Non-class space:       16.00 MB reserved,       9.81 MB ( 61%) committed,  2 nodes.
      Class space:        1.00 GB reserved,       1.44 MB ( <1%) committed,  1 nodes.
             Both:        1.02 GB reserved,      11.25 MB (  1%) committed. 

Chunk freelists:
   Non-Class:  1.41 MB
       Class:  2.39 MB
        Both:  3.80 MB

MaxMetaspaceSize: unlimited
CompressedClassSpaceSize: 1.00 GB
Initial GC threshold: 21.00 MB
Current GC threshold: 21.00 MB
CDS: on
MetaspaceReclaimPolicy: balanced
 - commit_granule_bytes: 65536.
 - commit_granule_words: 8192.
 - virtual_space_node_default_size: 1048576.
 - enlarge_chunks_in_place: 1.
 - new_chunks_are_fully_committed: 0.
 - uncommit_free_chunks: 1.
 - use_allocation_guard: 0.
 - handle_deallocations: 1.


Internal statistics:

num_allocs_failed_limit: 0.
num_arena_births: 224.
num_arena_deaths: 0.
num_vsnodes_births: 3.
num_vsnodes_deaths: 0.
num_space_committed: 180.
num_space_uncommitted: 0.
num_chunks_returned_to_freelist: 0.
num_chunks_taken_from_freelist: 471.
num_chunk_merges: 0.
num_chunk_splits: 279.
num_chunks_enlarged: 179.
num_purges: 0.
num_inconsistent_stats: 0.

CodeHeap 'non-profiled nmethods': size=120000Kb used=496Kb max_used=496Kb free=119504Kb
 bounds [0x0000020387ad0000, 0x0000020387d40000, 0x000002038f000000]
CodeHeap 'profiled nmethods': size=120000Kb used=3108Kb max_used=3108Kb free=116891Kb
 bounds [0x0000020380000000, 0x0000020380310000, 0x0000020387530000]
CodeHeap 'non-nmethods': size=5760Kb used=1204Kb max_used=1212Kb free=4556Kb
 bounds [0x0000020387530000, 0x00000203877a0000, 0x0000020387ad0000]
 total_blobs=2150 nmethods=1650 adapters=412
 compilation: enabled
              stopped_count=0, restarted_count=0
 full_count=0

Compilation events (20 events):
Event: 5.007 Thread 0x00000203fede97f0 nmethod 1624 0x00000203802fc990 code [0x00000203802fcb40, 0x00000203802fcd08]
Event: 5.007 Thread 0x00000203fede97f0 1625       3       jdk.internal.reflect.Reflection::isSubclassOf (21 bytes)
Event: 5.008 Thread 0x00000203fede97f0 nmethod 1625 0x00000203802fce10 code [0x00000203802fcfc0, 0x00000203802fd208]
Event: 5.009 Thread 0x00000203fede97f0 1626       3       java.util.TreeMap::addEntry (59 bytes)
Event: 5.010 Thread 0x00000203fede97f0 nmethod 1626 0x00000203802fd310 code [0x00000203802fd4e0, 0x00000203802fd9a8]
Event: 5.010 Thread 0x00000203fede97f0 1627       3       java.util.Spliterator::getExactSizeIfKnown (25 bytes)
Event: 5.010 Thread 0x00000203fede97f0 nmethod 1627 0x00000203802fdb90 code [0x00000203802fdd40, 0x00000203802fe038]
Event: 5.010 Thread 0x00000203fede97f0 1629       3       java.util.TreeMap::successor (66 bytes)
Event: 5.010 Thread 0x00000203fede97f0 nmethod 1629 0x00000203802fe110 code [0x00000203802fe2e0, 0x00000203802fe658]
Event: 5.010 Thread 0x00000203fede97f0 1628       3       org.openqa.selenium.SharedCapabilitiesMethods$$Lambda$448/0x0000000800d99a88::compare (12 bytes)
Event: 5.010 Thread 0x00000203fede97f0 nmethod 1628 0x00000203802fe790 code [0x00000203802fe940, 0x00000203802fec88]
Event: 5.011 Thread 0x00000203fede97f0 1631       3       sun.net.www.protocol.jar.Handler::canonicalizeString (72 bytes)
Event: 5.012 Thread 0x00000203fede97f0 nmethod 1631 0x00000203802fed90 code [0x00000203802ff080, 0x00000203802fff08]
Event: 5.012 Thread 0x00000203fede97f0 1634       3       jdk.internal.loader.Resource::<init> (5 bytes)
Event: 5.012 Thread 0x00000203fede97f0 nmethod 1634 0x0000020380300490 code [0x0000020380300620, 0x0000020380300778]
Event: 5.012 Thread 0x00000203fede97f0 1632       3       java.net.URLStreamHandler::setURL (159 bytes)
Event: 5.013 Thread 0x00000203fede97f0 nmethod 1632 0x0000020380300810 code [0x0000020380300ba0, 0x0000020380302128]
Event: 5.013 Thread 0x00000203fede97f0 1633       3       jdk.internal.loader.URLClassPath$JarLoader$2::<init> (31 bytes)
Event: 5.014 Thread 0x00000203fede97f0 nmethod 1633 0x0000020380302a10 code [0x0000020380302bc0, 0x0000020380302f38]
Event: 5.014 Thread 0x00000203fede97f0 1635  s    3       java.util.jar.JarFile::getInputStream (72 bytes)

GC Heap History (2 events):
Event: 1.764 GC heap before
{Heap before GC invocations=0 (full 0):
 garbage-first heap   total 129024K, used 22528K [0x0000000083800000, 0x0000000100000000)
  region size 1024K, 23 young (23552K), 0 survivors (0K)
 Metaspace       used 9980K, committed 10304K, reserved 1064960K
  class space    used 1198K, committed 1344K, reserved 1048576K
}
Event: 1.772 GC heap after
{Heap after GC invocations=1 (full 0):
 garbage-first heap   total 129024K, used 6009K [0x0000000083800000, 0x0000000100000000)
  region size 1024K, 3 young (3072K), 3 survivors (3072K)
 Metaspace       used 9980K, committed 10304K, reserved 1064960K
  class space    used 1198K, committed 1344K, reserved 1048576K
}

Deoptimization events (20 events):
Event: 1.762 Thread 0x00000203ff8da180 Uncommon trap: trap_request=0xffffffde fr.pc=0x0000020387b40ac8 relative=0x0000000000000128
Event: 1.762 Thread 0x00000203ff8da180 Uncommon trap: reason=class_check action=maybe_recompile pc=0x0000020387b40ac8 method=jdk.internal.misc.Unsafe.allocateUninitializedArray(Ljava/lang/Class;I)Ljava/lang/Object; @ 51 c2
Event: 1.762 Thread 0x00000203ff8da180 DEOPT PACKING pc=0x0000020387b40ac8 sp=0x0000006b26afde40
Event: 1.762 Thread 0x00000203ff8da180 DEOPT UNPACKING pc=0x00000203875823a3 sp=0x0000006b26afddc8 mode 2
Event: 1.762 Thread 0x00000203ff8da180 Uncommon trap: trap_request=0xffffffde fr.pc=0x0000020387b40ac8 relative=0x0000000000000128
Event: 1.762 Thread 0x00000203ff8da180 Uncommon trap: reason=class_check action=maybe_recompile pc=0x0000020387b40ac8 method=jdk.internal.misc.Unsafe.allocateUninitializedArray(Ljava/lang/Class;I)Ljava/lang/Object; @ 51 c2
Event: 1.762 Thread 0x00000203ff8da180 DEOPT PACKING pc=0x0000020387b40ac8 sp=0x0000006b26afdda0
Event: 1.762 Thread 0x00000203ff8da180 DEOPT UNPACKING pc=0x00000203875823a3 sp=0x0000006b26afdd28 mode 2
Event: 1.762 Thread 0x00000203ff8da180 Uncommon trap: trap_request=0xffffffde fr.pc=0x0000020387b40ac8 relative=0x0000000000000128
Event: 1.762 Thread 0x00000203ff8da180 Uncommon trap: reason=class_check action=maybe_recompile pc=0x0000020387b40ac8 method=jdk.internal.misc.Unsafe.allocateUninitializedArray(Ljava/lang/Class;I)Ljava/lang/Object; @ 51 c2
Event: 1.762 Thread 0x00000203ff8da180 DEOPT PACKING pc=0x0000020387b40ac8 sp=0x0000006b26afdd60
Event: 1.762 Thread 0x00000203ff8da180 DEOPT UNPACKING pc=0x00000203875823a3 sp=0x0000006b26afdce8 mode 2
Event: 1.773 Thread 0x00000203ff8db4c0 Uncommon trap: trap_request=0xffffff45 fr.pc=0x0000020387b18d30 relative=0x0000000000000170
Event: 1.773 Thread 0x00000203ff8db4c0 Uncommon trap: reason=unstable_if action=reinterpret pc=0x0000020387b18d30 method=java.util.concurrent.ConcurrentHashMap.addCount(JI)V @ 121 c2
Event: 1.773 Thread 0x00000203ff8db4c0 DEOPT PACKING pc=0x0000020387b18d30 sp=0x0000006b26bfe4f0
Event: 1.773 Thread 0x00000203ff8db4c0 DEOPT UNPACKING pc=0x00000203875823a3 sp=0x0000006b26bfe450 mode 2
Event: 4.869 Thread 0x00000203f5c48420 Uncommon trap: trap_request=0xffffffde fr.pc=0x0000020387b2138c relative=0x00000000000009ec
Event: 4.869 Thread 0x00000203f5c48420 Uncommon trap: reason=class_check action=maybe_recompile pc=0x0000020387b2138c method=java.util.HashMap.putVal(ILjava/lang/Object;Ljava/lang/Object;ZZ)Ljava/lang/Object; @ 253 c2
Event: 4.869 Thread 0x00000203f5c48420 DEOPT PACKING pc=0x0000020387b2138c sp=0x0000006b24ffe910
Event: 4.869 Thread 0x00000203f5c48420 DEOPT UNPACKING pc=0x00000203875823a3 sp=0x0000006b24ffe858 mode 2

Classes unloaded (0 events):
No events

Classes redefined (0 events):
No events

Internal exceptions (20 events):
Event: 1.349 Thread 0x00000203f5c48420 Exception <a 'java/lang/IncompatibleClassChangeError'{0x000000008a9af738}: Found class java.lang.Object, but interface was expected> (0x000000008a9af738) 
thrown [s\open\src\hotspot\share\interpreter\linkResolver.cpp, line 826]
Event: 1.448 Thread 0x00000203f5c48420 Exception <a 'java/lang/NoSuchMethodError'{0x000000008a5abea0}: 'java.lang.Object java.lang.invoke.DirectMethodHandle$Holder.invokeStaticInit(java.lang.Object, int, int, int, int)'> (0x000000008a5abea0) 
thrown [s\open\src\hotspot\share\interpreter\linkResolver.cpp, line 759]
Event: 1.494 Thread 0x00000203f5c48420 Exception <a 'java/lang/NoSuchMethodError'{0x000000008a4101f8}: 'java.lang.Object java.lang.invoke.DirectMethodHandle$Holder.invokeStaticInit(java.lang.Object, java.lang.Object, int, int, int, int)'> (0x000000008a4101f8) 
thrown [s\open\src\hotspot\share\interpreter\linkResolver.cpp, line 759]
Event: 1.582 Thread 0x00000203f5c48420 Exception <a 'java/lang/NoSuchMethodError'{0x000000008a355da0}: 'java.lang.Object java.lang.invoke.DirectMethodHandle$Holder.invokeInterface(java.lang.Object, java.lang.Object, java.lang.Object)'> (0x000000008a355da0) 
thrown [s\open\src\hotspot\share\interpreter\linkResolver.cpp, line 759]
Event: 1.583 Thread 0x00000203f5c48420 Exception <a 'java/lang/IncompatibleClassChangeError'{0x000000008a359468}: Found class java.lang.Object, but interface was expected> (0x000000008a359468) 
thrown [s\open\src\hotspot\share\interpreter\linkResolver.cpp, line 826]
Event: 1.584 Thread 0x00000203f5c48420 Exception <a 'java/lang/NoSuchMethodError'{0x000000008a361668}: 'int java.lang.invoke.DirectMethodHandle$Holder.invokeSpecialIFC(java.lang.Object, java.lang.Object, java.lang.Object, java.lang.Object)'> (0x000000008a361668) 
thrown [s\open\src\hotspot\share\interpreter\linkResolver.cpp, line 759]
Event: 1.588 Thread 0x00000203f5c48420 Exception <a 'java/lang/NoSuchMethodError'{0x000000008a387228}: 'java.lang.Object java.lang.invoke.DirectMethodHandle$Holder.invokeVirtual(java.lang.Object, java.lang.Object, java.lang.Object, java.lang.Object)'> (0x000000008a387228) 
thrown [s\open\src\hotspot\share\interpreter\linkResolver.cpp, line 759]
Event: 1.608 Thread 0x00000203ff8d9cb0 Exception <a 'java/net/ConnectException'{0x000000008a27e8f8}: Connection refused: no further information> (0x000000008a27e8f8) 
thrown [s\open\src\hotspot\share\prims\jni.cpp, line 535]
Event: 1.609 Thread 0x00000203ff8d9cb0 Exception <a 'java/net/SocketException'{0x000000008a27ec30}: Socket is not connected: shutdown> (0x000000008a27ec30) 
thrown [s\open\src\hotspot\share\prims\jni.cpp, line 535]
Event: 1.629 Thread 0x00000203ff8d9cb0 Exception <a 'java/net/ConnectException'{0x000000008a27fc28}: Connection refused: no further information> (0x000000008a27fc28) 
thrown [s\open\src\hotspot\share\prims\jni.cpp, line 535]
Event: 1.630 Thread 0x00000203ff8d9cb0 Exception <a 'java/net/SocketException'{0x000000008a27ff60}: Socket is not connected: shutdown> (0x000000008a27ff60) 
thrown [s\open\src\hotspot\share\prims\jni.cpp, line 535]
Event: 1.690 Thread 0x00000203f5c48420 Exception <a 'java/lang/NoSuchMethodError'{0x000000008a181928}: 'java.lang.Object java.lang.invoke.DirectMethodHandle$Holder.newInvokeSpecial(java.lang.Object, java.lang.Object, int, int)'> (0x000000008a181928) 
thrown [s\open\src\hotspot\share\interpreter\linkResolver.cpp, line 759]
Event: 1.690 Thread 0x00000203f5c48420 Exception <a 'java/lang/NoSuchMethodError'{0x000000008a18c410}: 'void java.lang.invoke.DirectMethodHandle$Holder.invokeStatic(java.lang.Object, java.lang.Object, int)'> (0x000000008a18c410) 
thrown [s\open\src\hotspot\share\interpreter\linkResolver.cpp, line 759]
Event: 1.701 Thread 0x00000203f5c48420 Exception <a 'java/lang/NoSuchMethodError'{0x000000008a008e60}: 'java.lang.Object java.lang.invoke.DirectMethodHandle$Holder.newInvokeSpecial(java.lang.Object, java.lang.Object, java.lang.Object, java.lang.Object, java.lang.Object)'> (0x000000008a008e60) 
thrown [s\open\src\hotspot\share\interpreter\linkResolver.cpp, line 759]
Event: 1.738 Thread 0x00000203ff8da180 Exception <a 'java/lang/NoSuchMethodError'{0x0000000089f32410}: 'java.lang.Object java.lang.invoke.DirectMethodHandle$Holder.invokeSpecial(java.lang.Object, java.lang.Object, java.lang.Object, java.lang.Object, int)'> (0x0000000089f32410) 
thrown [s\open\src\hotspot\share\interpreter\linkResolver.cpp, line 759]
Event: 1.738 Thread 0x00000203ff8da180 Exception <a 'java/lang/NoSuchMethodError'{0x0000000089f35fd8}: 'java.lang.Object java.lang.invoke.Invokers$Holder.linkToTargetMethod(java.lang.Object, java.lang.Object, int, java.lang.Object)'> (0x0000000089f35fd8) 
thrown [s\open\src\hotspot\share\interpreter\linkResolver.cpp, line 759]
Event: 1.747 Thread 0x00000203ff8da180 Exception <a 'java/lang/NoSuchMethodError'{0x0000000089f58f48}: 'void java.lang.invoke.DirectMethodHandle$Holder.invokeSpecial(java.lang.Object, java.lang.Object, java.lang.Object)'> (0x0000000089f58f48) 
thrown [s\open\src\hotspot\share\interpreter\linkResolver.cpp, line 759]
Event: 1.755 Thread 0x00000203ff8da180 Exception <a 'java/lang/NoSuchMethodError'{0x0000000089f8b7e8}: 'void java.lang.invoke.DirectMethodHandle$Holder.invokeSpecial(java.lang.Object, java.lang.Object, java.lang.Object, java.lang.Object, java.lang.Object)'> (0x0000000089f8b7e8) 
thrown [s\open\src\hotspot\share\interpreter\linkResolver.cpp, line 759]
Event: 4.842 Thread 0x00000203ff8db4c0 Exception <a 'java/lang/NoSuchMethodError'{0x000000008b5baff0}: 'void java.lang.invoke.DirectMethodHandle$Holder.invokeSpecial(java.lang.Object, java.lang.Object, java.lang.Object, java.lang.Object, java.lang.Object, java.lang.Object, java.lang.Object)'> (0x000000008b5baff0) 
thrown [s\open\src\hotspot\share\interpreter\linkResolver.cpp, line 759]
Event: 4.860 Thread 0x00000203f5c48420 Exception <a 'java/lang/NoSuchMethodError'{0x000000008b4f8100}: 'java.lang.Object java.lang.invoke.DirectMethodHandle$Holder.invokeSpecialIFC(java.lang.Object, java.lang.Object, java.lang.Object)'> (0x000000008b4f8100) 
thrown [s\open\src\hotspot\share\interpreter\linkResolver.cpp, line 759]

VM Operations (20 events):
Event: 0.275 Executing VM operation: HandshakeAllThreads
Event: 0.275 Executing VM operation: HandshakeAllThreads done
Event: 0.278 Executing VM operation: HandshakeAllThreads
Event: 0.278 Executing VM operation: HandshakeAllThreads done
Event: 1.211 Executing VM operation: HandshakeAllThreads
Event: 1.211 Executing VM operation: HandshakeAllThreads done
Event: 1.212 Executing VM operation: Cleanup
Event: 1.212 Executing VM operation: Cleanup done
Event: 1.264 Executing VM operation: HandshakeAllThreads
Event: 1.264 Executing VM operation: HandshakeAllThreads done
Event: 1.503 Executing VM operation: HandshakeAllThreads
Event: 1.503 Executing VM operation: HandshakeAllThreads done
Event: 1.662 Executing VM operation: HandshakeAllThreads
Event: 1.662 Executing VM operation: HandshakeAllThreads done
Event: 1.663 Executing VM operation: HandshakeAllThreads
Event: 1.663 Executing VM operation: HandshakeAllThreads done
Event: 1.763 Executing VM operation: G1CollectForAllocation
Event: 1.772 Executing VM operation: G1CollectForAllocation done
Event: 2.776 Executing VM operation: Cleanup
Event: 2.776 Executing VM operation: Cleanup done

Events (20 events):
Event: 4.922 Thread 0x00000203ff8dbe60 Thread added: 0x00000203ff8dbe60
Event: 4.924 Thread 0x00000203954bd6e0 Thread added: 0x00000203954bd6e0
Event: 4.927 Thread 0x00000203954bc3a0 Thread added: 0x00000203954bc3a0
Event: 4.927 Thread 0x00000203954ba6c0 Thread added: 0x00000203954ba6c0
Event: 4.933 loading class java/util/concurrent/locks/ReadWriteLock
Event: 4.933 loading class java/util/concurrent/locks/ReadWriteLock done
Event: 4.937 loading class java/util/concurrent/locks/ReentrantReadWriteLock
Event: 4.937 loading class java/util/concurrent/locks/ReentrantReadWriteLock done
Event: 4.937 loading class java/util/concurrent/locks/ReentrantReadWriteLock$FairSync
Event: 4.937 loading class java/util/concurrent/locks/ReentrantReadWriteLock$Sync
Event: 4.938 loading class java/util/concurrent/locks/ReentrantReadWriteLock$Sync done
Event: 4.938 loading class java/util/concurrent/locks/ReentrantReadWriteLock$FairSync done
Event: 4.938 loading class java/util/concurrent/locks/ReentrantReadWriteLock$Sync$ThreadLocalHoldCounter
Event: 4.938 loading class java/util/concurrent/locks/ReentrantReadWriteLock$Sync$ThreadLocalHoldCounter done
Event: 4.938 loading class java/util/concurrent/locks/ReentrantReadWriteLock$ReadLock
Event: 4.938 loading class java/util/concurrent/locks/ReentrantReadWriteLock$ReadLock done
Event: 4.938 loading class java/util/concurrent/locks/ReentrantReadWriteLock$WriteLock
Event: 4.938 loading class java/util/concurrent/locks/ReentrantReadWriteLock$WriteLock done
Event: 4.949 loading class sun/net/www/HeaderParser
Event: 4.949 loading class sun/net/www/HeaderParser done


Dynamic libraries:
0x00007ff77b640000 - 0x00007ff77b650000 	C:\Program Files\Java\jdk-17\bin\javaw.exe
0x00007ffdfdb90000 - 0x00007ffdfdda6000 	C:\WINDOWS\SYSTEM32\ntdll.dll
0x00007ffdfbc00000 - 0x00007ffdfbcc4000 	C:\WINDOWS\System32\KERNEL32.DLL
0x00007ffdfb020000 - 0x00007ffdfb3c6000 	C:\WINDOWS\System32\KERNELBASE.dll
0x00007ffdfb3d0000 - 0x00007ffdfb4e1000 	C:\WINDOWS\System32\ucrtbase.dll
0x00007ffdc9b10000 - 0x00007ffdc9b2b000 	C:\Program Files\Java\jdk-17\bin\VCRUNTIME140.dll
0x00007ffdc9af0000 - 0x00007ffdc9b08000 	C:\Program Files\Java\jdk-17\bin\jli.dll
0x00007ffdfbf10000 - 0x00007ffdfbfc2000 	C:\WINDOWS\System32\ADVAPI32.dll
0x00007ffdfc0b0000 - 0x00007ffdfc157000 	C:\WINDOWS\System32\msvcrt.dll
0x00007ffdfdaa0000 - 0x00007ffdfdb48000 	C:\WINDOWS\System32\sechost.dll
0x00007ffdfb6d0000 - 0x00007ffdfb6f8000 	C:\WINDOWS\System32\bcrypt.dll
0x00007ffdfcbe0000 - 0x00007ffdfccf5000 	C:\WINDOWS\System32\RPCRT4.dll
0x00007ffdfd070000 - 0x00007ffdfd21d000 	C:\WINDOWS\System32\USER32.dll
0x00007ffdfaed0000 - 0x00007ffdfaef6000 	C:\WINDOWS\System32\win32u.dll
0x00007ffdfc2a0000 - 0x00007ffdfc2c9000 	C:\WINDOWS\System32\GDI32.dll
0x00007ffddfd00000 - 0x00007ffddff93000 	C:\WINDOWS\WinSxS\amd64_microsoft.windows.common-controls_6595b64144ccf1df_6.0.22621.3235_none_270f74e173860f98\COMCTL32.dll
0x00007ffdfaf00000 - 0x00007ffdfb018000 	C:\WINDOWS\System32\gdi32full.dll
0x00007ffdfb780000 - 0x00007ffdfb81a000 	C:\WINDOWS\System32\msvcp_win.dll
0x00007ffdf2210000 - 0x00007ffdf221a000 	C:\WINDOWS\SYSTEM32\VERSION.dll
0x00007ffdfc720000 - 0x00007ffdfc751000 	C:\WINDOWS\System32\IMM32.DLL
0x00007ffdccfa0000 - 0x00007ffdccfac000 	C:\Program Files\Java\jdk-17\bin\vcruntime140_1.dll
0x00007ffdc9a60000 - 0x00007ffdc9aee000 	C:\Program Files\Java\jdk-17\bin\msvcp140.dll
0x00007ffdc8e80000 - 0x00007ffdc9a57000 	C:\Program Files\Java\jdk-17\bin\server\jvm.dll
0x00007ffdfd060000 - 0x00007ffdfd068000 	C:\WINDOWS\System32\PSAPI.DLL
0x00007ffdc8e70000 - 0x00007ffdc8e79000 	C:\WINDOWS\SYSTEM32\WSOCK32.dll
0x00007ffdf3170000 - 0x00007ffdf31a4000 	C:\WINDOWS\SYSTEM32\WINMM.dll
0x00007ffdfb940000 - 0x00007ffdfb9b1000 	C:\WINDOWS\System32\WS2_32.dll
0x00007ffdf9fc0000 - 0x00007ffdf9fd8000 	C:\WINDOWS\SYSTEM32\kernel.appcore.dll
0x00007ffdcc030000 - 0x00007ffdcc03a000 	C:\Program Files\Java\jdk-17\bin\jimage.dll
0x00007ffdf8600000 - 0x00007ffdf8833000 	C:\WINDOWS\SYSTEM32\DBGHELP.DLL
0x00007ffdfc330000 - 0x00007ffdfc6b8000 	C:\WINDOWS\System32\combase.dll
0x00007ffdfbb20000 - 0x00007ffdfbbf7000 	C:\WINDOWS\System32\OLEAUT32.dll
0x00007ffdec270000 - 0x00007ffdec2a2000 	C:\WINDOWS\SYSTEM32\dbgcore.DLL
0x00007ffdfb700000 - 0x00007ffdfb77a000 	C:\WINDOWS\System32\bcryptPrimitives.dll
0x00007ffdcc000000 - 0x00007ffdcc025000 	C:\Program Files\Java\jdk-17\bin\java.dll
0x00007ffdc8510000 - 0x00007ffdc85e7000 	C:\Program Files\Java\jdk-17\bin\jsvml.dll
0x00007ffdfd240000 - 0x00007ffdfda9d000 	C:\WINDOWS\System32\SHELL32.dll
0x00007ffdf8df0000 - 0x00007ffdf96e8000 	C:\WINDOWS\SYSTEM32\windows.storage.dll
0x00007ffdf8cb0000 - 0x00007ffdf8dee000 	C:\WINDOWS\SYSTEM32\wintypes.dll
0x00007ffdfbd80000 - 0x00007ffdfbe73000 	C:\WINDOWS\System32\SHCORE.dll
0x00007ffdfc2d0000 - 0x00007ffdfc32e000 	C:\WINDOWS\System32\shlwapi.dll
0x00007ffdfae00000 - 0x00007ffdfae26000 	C:\WINDOWS\SYSTEM32\profapi.dll
0x00007ffdc5630000 - 0x00007ffdc5649000 	C:\Program Files\Java\jdk-17\bin\net.dll
0x00007ffdf4540000 - 0x00007ffdf4677000 	C:\WINDOWS\SYSTEM32\WINHTTP.dll
0x00007ffdfa440000 - 0x00007ffdfa4a9000 	C:\WINDOWS\system32\mswsock.dll
0x00007ffdc55c0000 - 0x00007ffdc55d6000 	C:\Program Files\Java\jdk-17\bin\nio.dll
0x00007ffdc54b0000 - 0x00007ffdc54c8000 	C:\Program Files\Java\jdk-17\bin\zip.dll
0x00007ffdf9b20000 - 0x00007ffdf9c19000 	C:\WINDOWS\SYSTEM32\DNSAPI.dll
0x00007ffdf9af0000 - 0x00007ffdf9b1d000 	C:\WINDOWS\SYSTEM32\IPHLPAPI.DLL
0x00007ffdfc190000 - 0x00007ffdfc199000 	C:\WINDOWS\System32\NSI.dll
0x00007ffdf2370000 - 0x00007ffdf237a000 	C:\Windows\System32\rasadhlp.dll
0x00007ffdf28f0000 - 0x00007ffdf2973000 	C:\WINDOWS\System32\fwpuclnt.dll
0x00007ffdfa6b0000 - 0x00007ffdfa6cb000 	C:\WINDOWS\SYSTEM32\CRYPTSP.dll
0x00007ffdf9f20000 - 0x00007ffdf9f55000 	C:\WINDOWS\system32\rsaenh.dll
0x00007ffdfa520000 - 0x00007ffdfa54c000 	C:\WINDOWS\SYSTEM32\USERENV.dll
0x00007ffdfa6d0000 - 0x00007ffdfa6dc000 	C:\WINDOWS\SYSTEM32\CRYPTBASE.dll
0x00007ffdf3510000 - 0x00007ffdf3529000 	C:\WINDOWS\SYSTEM32\dhcpcsvc6.DLL
0x00007ffdf34b0000 - 0x00007ffdf34cf000 	C:\WINDOWS\SYSTEM32\dhcpcsvc.DLL
0x00007ffda3880000 - 0x00007ffda388d000 	C:\Program Files\Java\jdk-17\bin\sunmscapi.dll
0x00007ffdfb4f0000 - 0x00007ffdfb656000 	C:\WINDOWS\System32\CRYPT32.dll
0x00007ffdfa870000 - 0x00007ffdfa89e000 	C:\WINDOWS\SYSTEM32\ncrypt.dll
0x00007ffdfa830000 - 0x00007ffdfa867000 	C:\WINDOWS\SYSTEM32\NTASN1.dll
0x00007ffdc35e0000 - 0x00007ffdc35e8000 	C:\WINDOWS\system32\wshunix.dll

dbghelp: loaded successfully - version: 4.0.5 - missing functions: none
symbol engine: initialized successfully - sym options: 0x614 - pdb path: .;C:\Program Files\Java\jdk-17\bin;C:\WINDOWS\SYSTEM32;C:\WINDOWS\WinSxS\amd64_microsoft.windows.common-controls_6595b64144ccf1df_6.0.22621.3235_none_270f74e173860f98;C:\Program Files\Java\jdk-17\bin\server

VM Arguments:
jvm_args: -Dfile.encoding=UTF-8 -Dstdout.encoding=UTF-8 -Dstderr.encoding=UTF-8 -XX:+ShowCodeDetailsInExceptionMessages 
java_command: basicweb.FirstTestClass
java_class_path (initial): C:\Users\Sahil\eclipse-workspace\SeleniumAmazon\target\test-classes;C:\Users\Sahil\eclipse-workspace\SeleniumAmazon\target\classes;C:\Users\Sahil\.m2\repository\junit\junit\3.8.1\junit-3.8.1.jar;C:\Users\Sahil\.m2\repository\org\seleniumhq\selenium\selenium-java\4.19.1\selenium-java-4.19.1.jar;C:\Users\Sahil\.m2\repository\org\seleniumhq\selenium\selenium-api\4.19.1\selenium-api-4.19.1.jar;C:\Users\Sahil\.m2\repository\org\seleniumhq\selenium\selenium-chrome-driver\4.19.1\selenium-chrome-driver-4.19.1.jar;C:\Users\Sahil\.m2\repository\com\google\auto\service\auto-service-annotations\1.1.1\auto-service-annotations-1.1.1.jar;C:\Users\Sahil\.m2\repository\org\seleniumhq\selenium\selenium-chromium-driver\4.19.1\selenium-chromium-driver-4.19.1.jar;C:\Users\Sahil\.m2\repository\org\seleniumhq\selenium\selenium-json\4.19.1\selenium-json-4.19.1.jar;C:\Users\Sahil\.m2\repository\org\seleniumhq\selenium\selenium-manager\4.19.1\selenium-manager-4.19.1.jar;C:\Users\Sahil\.m2\repository\org\seleniumhq\selenium\selenium-devtools-v121\4.19.1\selenium-devtools-v121-4.19.1.jar;C:\Users\Sahil\.m2\repository\org\seleniumhq\selenium\selenium-devtools-v122\4.19.1\selenium-devtools-v122-4.19.1.jar;C:\Users\Sahil\.m2\repository\org\seleniumhq\selenium\selenium-devtools-v123\4.19.1\selenium-devtools-v123-4.19.1.jar;C:\Users\Sahil\.m2\repository\org\seleniumhq\selenium\selenium-devtools-v85\4.19.1\selenium-devtools-v85-4.19.1.jar;C:\Users\Sahil\.m2\repository\org\seleniumhq\selenium\selenium-edge-driver\4.19.1\selenium-edge-driver-4.19.1.jar;C:\Users\Sahil\.m2\repository\org\seleniumhq\selenium\selenium-firefox-driver\4.19.1\selenium-firefox-driver-4.19.1.jar;C:\Users\Sahil\.m2\repository\org\seleniumhq\selenium\selenium-http\4.19.1\selenium-http-4.19.1.jar;C:\Users\Sahil\.m2\repository\dev\failsafe\failsafe\3.3.2\failsafe-3.3.2.jar;C:\Users\Sahil\.m2\repository\org\seleniumhq\selenium\selenium-ie-driver\4.19.1\selenium-ie-driver-4.19.1.jar;C:\Users\Sahil\.m2\re
Launcher Type: SUN_STANDARD

[Global flags]
     intx CICompilerCount                          = 4                                         {product} {ergonomic}
     uint ConcGCThreads                            = 2                                         {product} {ergonomic}
     uint G1ConcRefinementThreads                  = 8                                         {product} {ergonomic}
   size_t G1HeapRegionSize                         = 1048576                                   {product} {ergonomic}
    uintx GCDrainStackTargetSize                   = 64                                        {product} {ergonomic}
   size_t InitialHeapSize                          = 132120576                                 {product} {ergonomic}
   size_t MarkStackSize                            = 4194304                                   {product} {ergonomic}
   size_t MaxHeapSize                              = 2088763392                                {product} {ergonomic}
   size_t MaxNewSize                               = 1253048320                                {product} {ergonomic}
   size_t MinHeapDeltaBytes                        = 1048576                                   {product} {ergonomic}
   size_t MinHeapSize                              = 8388608                                   {product} {ergonomic}
    uintx NonNMethodCodeHeapSize                   = 5839372                                {pd product} {ergonomic}
    uintx NonProfiledCodeHeapSize                  = 122909434                              {pd product} {ergonomic}
    uintx ProfiledCodeHeapSize                     = 122909434                              {pd product} {ergonomic}
    uintx ReservedCodeCacheSize                    = 251658240                              {pd product} {ergonomic}
     bool SegmentedCodeCache                       = true                                      {product} {ergonomic}
     bool ShowCodeDetailsInExceptionMessages       = true                                   {manageable} {command line}
   size_t SoftMaxHeapSize                          = 2088763392                             {manageable} {ergonomic}
     bool UseCompressedClassPointers               = true                           {product lp64_product} {ergonomic}
     bool UseCompressedOops                        = true                           {product lp64_product} {ergonomic}
     bool UseG1GC                                  = true                                      {product} {ergonomic}
     bool UseLargePagesIndividualAllocation        = false                                  {pd product} {ergonomic}

Logging:
Log output configuration:
 #0: stdout all=warning uptime,level,tags
 #1: stderr all=off uptime,level,tags

Environment Variables:
JAVA_HOME=C:\Program Files\Java\jdk-17
CLASSPATH=C:\Program Files\Apache Software Foundation\Tomcat 10.1\lib\jaspic-api.jar; C:\Program Files\Apache Software Foundation\Tomcat 10.1\lib\servlet-api.jar
PATH=C:\Program Files\Common Files\Oracle\Java\javapath;C:\Python311\Scripts\;C:\Python311\;C:\Windows\system32;C:\Windows;C:\Windows\System32\Wbem;C:\Windows\System32\WindowsPowerShell\v1.0\;C:\Windows\System32\OpenSSH\;C:\Program Files (x86)\NVIDIA Corporation\PhysX\Common;C:\Program Files\NVIDIA Corporation\NVIDIA NvDLISR;C:\WINDOWS\system32;C:\WINDOWS;C:\WINDOWS\System32\Wbem;C:\WINDOWS\System32\WindowsPowerShell\v1.0\;C:\WINDOWS\System32\OpenSSH\;C:\Program Files\dotnet\;C:\Program Files\Java\jdk-18.0.2\bin;C:\Program Files\MySQL\MySQL Server 5.5\bin;C:\Program Files\Java\jdk-19\bin;C:\ProgramData\chocolatey\bin;C:\Program Files\Java\jdk-19\bin;C:\Program Files\Apache Software Foundation\Tomcat 10.1\bin;C:\Program Files\nodejs\;C:\Program Files\terraform;C:\Program Files\Amazon\AWSCLIV2\;C:\Program Files\Amazon\AWSCLIV2;C:\Program Files\Puppet Labs\Puppet\bin;D:\Git\cmd;%MAVEN_HOME%\bin;C:\Program Files\apache-maven-3.9.6\bin;C:\Program Files\Docker\Docker\resources\bin;C:\Windows\System32\cmd.exe;C:\Windows\System32;C:\Program Files\Java\jdk-17\bin;C:\Users\Sahil\AppData\Local\Android\Sdk;C:\Users\Sahil\AppData\Local\Android\Sdk\platform-tools;C:\Users\Sahil\AppData\Local\Android\Sdk\tools;C:\Users\Sahil\AppData\Local\Programs\Python\Python312\Scripts\;C:\Users\Sahil\AppData\Local\Programs\Python\Python312\;C:\Users\Sahil\AppData\Local\Microsoft\WindowsApps;C:\Users\Sahil\AppData\Local\GitHubDesktop\bin;D:\src\flutter\bin;C:\Users\Sahil\AppData\Roaming\npm;D:\vs code\Microsoft VS Code\bin;C:\Program Files\terraform;C:\Program Files\Amazon\AWSCLIV2;C:\Users\Sahil\AppData\Local\Google\Cloud SDK\google-cloud-sdk\bin;C:\Program Files\Puppet Labs\Puppet\bin;C:\Program Files\apache-maven-3.9.6\bin;C:\Windows\System32\cmd.exe;C:\Windows\System32;
USERNAME=Sahil
OS=Windows_NT
PROCESSOR_IDENTIFIER=Intel64 Family 6 Model 165 Stepping 2, GenuineIntel



---------------  S Y S T E M  ---------------

OS:
 Windows 11 , 64 bit Build 22621 (10.0.22621.3235)
OS uptime: 3 days 11:19 hours
Hyper-V role detected

CPU: total 8 (initial active 8) (4 cores per cpu, 2 threads per core) family 6 model 165 stepping 2 microcode 0xf8, cx8, cmov, fxsr, ht, mmx, 3dnowpref, sse, sse2, sse3, ssse3, sse4.1, sse4.2, popcnt, lzcnt, tsc, tscinvbit, avx, avx2, aes, erms, clmul, bmi1, bmi2, adx, fma, vzeroupper, clflush, clflushopt, hv

Memory: 4k page, system-wide physical 7967M (546M free)
TotalPageFile size 21813M (AvailPageFile size 2M)
current process WorkingSet (physical memory assigned to process): 92M, peak: 92M
current process commit charge ("private bytes"): 234M, peak: 234M

vm_info: Java HotSpot(TM) 64-Bit Server VM (17.0.6+9-LTS-190) for windows-amd64 JRE (17.0.6+9-LTS-190), built on Dec  6 2022 15:53:54 by "mach5one" with MS VC++ 17.1 (VS2022)

END.
